<?xml version="1.0" encoding="UTF-8"?>
<testng-results skipped="0" failed="1" total="1" passed="0">
  <reporter-output>
  </reporter-output>
  <suite name="Default suite" duration-ms="32797" started-at="2017-12-08T08:20:02Z" finished-at="2017-12-08T08:20:34Z">
    <groups>
    </groups>
    <test name="Default test" duration-ms="32797" started-at="2017-12-08T08:20:02Z" finished-at="2017-12-08T08:20:34Z">
      <class name="com.testing.framework.tests.OpenProjectTasksTest">
        <test-method status="PASS" signature="login()[pri:0, instance:com.testing.framework.tests.OpenProjectTasksTest@363f6148]" name="login" is-config="true" duration-ms="21268" started-at="2017-12-08T13:50:02Z" finished-at="2017-12-08T13:50:23Z">
          <reporter-output>
          </reporter-output>
        </test-method> <!-- login -->
        <test-method status="FAIL" signature="testScenario()[pri:0, instance:com.testing.framework.tests.OpenProjectTasksTest@363f6148]" name="testScenario" duration-ms="10280" started-at="2017-12-08T13:50:23Z" finished-at="2017-12-08T13:50:33Z">
          <exception class="java.io.FileNotFoundException">
            <message>
              <![CDATA[egp_projects.xlsx (The system cannot find the file specified)]]>
            </message>
            <full-stacktrace>
              <![CDATA[java.io.FileNotFoundException: egp_projects.xlsx (The system cannot find the file specified)
	at java.io.FileInputStream.open0(Native Method)
	at java.io.FileInputStream.open(FileInputStream.java:195)
	at java.io.FileInputStream.<init>(FileInputStream.java:138)
	at java.io.FileInputStream.<init>(FileInputStream.java:93)
	at java.io.FileReader.<init>(FileReader.java:58)
	at com.testing.framework.tests.OpenProjectTasksTest.testScenario(OpenProjectTasksTest.java:33)
	at sun.reflect.NativeMethodAccessorImpl.invoke0(Native Method)
	at sun.reflect.NativeMethodAccessorImpl.invoke(NativeMethodAccessorImpl.java:62)
	at sun.reflect.DelegatingMethodAccessorImpl.invoke(DelegatingMethodAccessorImpl.java:43)
	at java.lang.reflect.Method.invoke(Method.java:498)
	at org.testng.internal.MethodInvocationHelper.invokeMethod(MethodInvocationHelper.java:84)
	at org.testng.internal.Invoker.invokeMethod(Invoker.java:714)
	at org.testng.internal.Invoker.invokeTestMethod(Invoker.java:901)
	at org.testng.internal.Invoker.invokeTestMethods(Invoker.java:1231)
	at org.testng.internal.TestMethodWorker.invokeTestMethods(TestMethodWorker.java:127)
	at org.testng.internal.TestMethodWorker.run(TestMethodWorker.java:111)
	at org.testng.TestRunner.privateRun(TestRunner.java:767)
	at org.testng.TestRunner.run(TestRunner.java:617)
	at org.testng.SuiteRunner.runTest(SuiteRunner.java:334)
	at org.testng.SuiteRunner.runSequentially(SuiteRunner.java:329)
	at org.testng.SuiteRunner.privateRun(SuiteRunner.java:291)
	at org.testng.SuiteRunner.run(SuiteRunner.java:240)
	at org.testng.SuiteRunnerWorker.runSuite(SuiteRunnerWorker.java:52)
	at org.testng.SuiteRunnerWorker.run(SuiteRunnerWorker.java:86)
	at org.testng.TestNG.runSuitesSequentially(TestNG.java:1224)
	at org.testng.TestNG.runSuitesLocally(TestNG.java:1149)
	at org.testng.TestNG.run(TestNG.java:1057)
	at org.testng.remote.AbstractRemoteTestNG.run(AbstractRemoteTestNG.java:132)
	at org.testng.remote.RemoteTestNG.initAndRun(RemoteTestNG.java:230)
	at org.testng.remote.RemoteTestNG.main(RemoteTestNG.java:76)
]]>
            </full-stacktrace>
          </exception> <!-- java.io.FileNotFoundException -->
          <reporter-output>
          </reporter-output>
        </test-method> <!-- testScenario -->
        <test-method status="PASS" signature="getResult(org.testng.ITestResult)[pri:0, instance:com.testing.framework.tests.OpenProjectTasksTest@363f6148]" name="getResult" is-config="true" duration-ms="1165" started-at="2017-12-08T13:50:33Z" finished-at="2017-12-08T13:50:34Z">
          <params>
            <param index="0">
              <value>
                <![CDATA[[TestResult name=testScenario status=FAILURE method=OpenProjectTasksTest.testScenario()[pri:0, instance:com.testing.framework.tests.OpenProjectTasksTest@363f6148] output={null}]]]>
              </value>
            </param>
          </params>
          <reporter-output>
          </reporter-output>
        </test-method> <!-- getResult -->
        <test-method status="PASS" signature="quit()[pri:0, instance:com.testing.framework.tests.OpenProjectTasksTest@363f6148]" name="quit" is-config="true" duration-ms="1875" started-at="2017-12-08T13:50:35Z" finished-at="2017-12-08T13:50:36Z">
          <reporter-output>
          </reporter-output>
        </test-method> <!-- quit -->
      </class> <!-- com.testing.framework.tests.OpenProjectTasksTest -->
    </test> <!-- Default test -->
  </suite> <!-- Default suite -->
</testng-results>
